Using pre-set license
Built from '2020.3/staging' branch; Version is '2020.3.0f1 (c7b5465681fb) revision 13088070'; Using compiler version '192528614'; Build Type 'Release'
OS: 'Windows 10 Home Single Language; OS build 18363.1440; Version 1909; 64bit' Language: 'tr' Physical Memory: 16282 MB
BatchMode: 1, IsHumanControllingUs: 0, StartBugReporterOnCrash: 0, Is64bit: 1, IsPro: 0

 COMMAND LINE ARGUMENTS:
D:\Unity\2020.3.0f1\Editor\Unity.exe
-adb2
-batchMode
-noUpm
-name
AssetImportWorker0
-projectPath
D:/Unity Projects/SolarSystem_MSU
-logFile
Logs/AssetImportWorker0.log
-srvPort
58689
Successfully changed project path to: D:/Unity Projects/SolarSystem_MSU
D:/Unity Projects/SolarSystem_MSU
Using Asset Import Pipeline V2.
Refreshing native plugins compatible for Editor in 30.58 ms, found 0 plugins.
Preloading 0 native plugins for Editor in 0.00 ms.
Initialize engine version: 2020.3.0f1 (c7b5465681fb)
[Subsystems] Discovering subsystems at path D:/Unity/2020.3.0f1/Editor/Data/Resources/UnitySubsystems
[Subsystems] Discovering subsystems at path D:/Unity Projects/SolarSystem_MSU/Assets
GfxDevice: creating device client; threaded=0
Direct3D:
    Version:  Direct3D 11.0 [level 11.1]
    Renderer: NVIDIA GeForce GTX 965M (ID=0x1427)
    Vendor:   
    VRAM:     4055 MB
    Driver:   27.21.14.6140
Initialize mono
Mono path[0] = 'D:/Unity/2020.3.0f1/Editor/Data/Managed'
Mono path[1] = 'D:/Unity/2020.3.0f1/Editor/Data/MonoBleedingEdge/lib/mono/unityjit'
Mono config path = 'D:/Unity/2020.3.0f1/Editor/Data/MonoBleedingEdge/etc'
Using monoOptions --debugger-agent=transport=dt_socket,embedding=1,server=y,suspend=n,address=127.0.0.1:56644
Begin MonoManager ReloadAssembly
Registering precompiled unity dll's ...
Register platform support module: D:/Unity/2020.3.0f1/Editor/Data/PlaybackEngines/WebGLSupport/UnityEditor.WebGL.Extensions.dll
Register platform support module: D:/Unity/2020.3.0f1/Editor/Data/PlaybackEngines/WindowsStandaloneSupport/UnityEditor.WindowsStandalone.Extensions.dll
Registered in 0.001700 seconds.
Native extension for WindowsStandalone target not found
Native extension for WebGL target not found
Refreshing native plugins compatible for Editor in 29.41 ms, found 0 plugins.
Preloading 0 native plugins for Editor in 0.00 ms.
Invoked RoslynAnalysisRunner static constructor.
RoslynAnalysisRunner will not be running.
RoslynAnalysisRunner has terminated.
Mono: successfully reloaded assembly
- Completed reload, in  1.423 seconds
Platform modules already initialized, skipping
Registering precompiled user dll's ...
Registered in 0.000831 seconds.
Begin MonoManager ReloadAssembly
Native extension for WindowsStandalone target not found
Native extension for WebGL target not found
Refreshing native plugins compatible for Editor in 0.24 ms, found 0 plugins.
Preloading 0 native plugins for Editor in 0.00 ms.
Invoked RoslynAnalysisRunner static constructor.
RoslynAnalysisRunner will not be running.
RoslynAnalysisRunner has terminated.
Mono: successfully reloaded assembly
- Completed reload, in  0.919 seconds
Platform modules already initialized, skipping
========================================================================
Worker process is ready to serve import requests
Launched and connected shader compiler UnityShaderCompiler.exe after 0.05 seconds
Refreshing native plugins compatible for Editor in 0.27 ms, found 0 plugins.
Preloading 0 native plugins for Editor in 0.00 ms.
Unloading 1117 Unused Serialized files (Serialized files now loaded: 0)
System memory in use before: 57.3 MB.
System memory in use after: 57.4 MB.

Unloading 9 unused Assets to reduce memory usage. Loaded Objects now: 1562.
Total: 2.566600 ms (FindLiveObjects: 0.253300 ms CreateObjectMapping: 0.061100 ms MarkObjects: 2.163000 ms  DeleteObjects: 0.087900 ms)

========================================================================
Received Import Request.
  path: Assets/Textures/MercuryTexture.jpg
  artifactKey: Guid(318e84efcc7fbec42904f0c04a37876d) Importer(815301076,1909f56bfc062723c751e8b465ee728b)
Start importing Assets/Textures/MercuryTexture.jpg using Guid(318e84efcc7fbec42904f0c04a37876d) Importer(815301076,1909f56bfc062723c751e8b465ee728b)  -> (artifact id: '81fbef5c81452835354bd0f912068bdd') in 0.131838 seconds
  Import took 0.134242 seconds .

========================================================================
Received Import Request.
  Time since last request: 0.000473 seconds.
  path: Assets/Textures/JupiterTexture.jpg
  artifactKey: Guid(a99a6b75dfbdbeb429c1b1b8d5356b63) Importer(815301076,1909f56bfc062723c751e8b465ee728b)
Start importing Assets/Textures/JupiterTexture.jpg using Guid(a99a6b75dfbdbeb429c1b1b8d5356b63) Importer(815301076,1909f56bfc062723c751e8b465ee728b)  -> (artifact id: '8fdb2e78e99f372f808b703f16ebea80') in 0.031450 seconds
  Import took 0.034782 seconds .

========================================================================
Received Import Request.
  Time since last request: 123.064355 seconds.
  path: Assets/Textures/EarthTexture.jpg
  artifactKey: Guid(2b309bc7cbd22d649a64cf7ab501fbf0) Importer(815301076,1909f56bfc062723c751e8b465ee728b)
Start importing Assets/Textures/EarthTexture.jpg using Guid(2b309bc7cbd22d649a64cf7ab501fbf0) Importer(815301076,1909f56bfc062723c751e8b465ee728b)  -> (artifact id: '371d3e37fcaa540967e4c5a67a6bd5cd') in 0.032244 seconds
  Import took 0.034596 seconds .

========================================================================
Received Import Request.
  Time since last request: 0.000438 seconds.
  path: Assets/Textures/SpaceTexture.jpg
  artifactKey: Guid(4814d3ab427e935409c56d45f21ffa0d) Importer(815301076,1909f56bfc062723c751e8b465ee728b)
Start importing Assets/Textures/SpaceTexture.jpg using Guid(4814d3ab427e935409c56d45f21ffa0d) Importer(815301076,1909f56bfc062723c751e8b465ee728b)  -> (artifact id: 'dcd0f8464b007b482e9bfd7bd24205bc') in 0.046695 seconds
  Import took 0.049793 seconds .

========================================================================
Received Import Request.
  Time since last request: 0.000453 seconds.
  path: Assets/Textures/VenusTexture.jpg
  artifactKey: Guid(cffd3d0bf3df4e24581e2b3c48dce9bf) Importer(815301076,1909f56bfc062723c751e8b465ee728b)
Start importing Assets/Textures/VenusTexture.jpg using Guid(cffd3d0bf3df4e24581e2b3c48dce9bf) Importer(815301076,1909f56bfc062723c751e8b465ee728b)  -> (artifact id: 'b1524044673530e76dcb2fd532356437') in 0.031924 seconds
  Import took 0.034689 seconds .

========================================================================
Received Import Request.
  Time since last request: 0.000425 seconds.
  path: Assets/Textures/MarsTexture.jpg
  artifactKey: Guid(0952a570310c75c4c88d76e8fc7912e4) Importer(815301076,1909f56bfc062723c751e8b465ee728b)
Start importing Assets/Textures/MarsTexture.jpg using Guid(0952a570310c75c4c88d76e8fc7912e4) Importer(815301076,1909f56bfc062723c751e8b465ee728b)  -> (artifact id: 'ccb1b9f92fd4790fe715d1ca0187e357') in 0.036192 seconds
  Import took 0.038809 seconds .

========================================================================
Received Import Request.
  Time since last request: 0.000371 seconds.
  path: Assets/Textures/UranusTexture.jpg
  artifactKey: Guid(69dd77cb73e90314bbbb981f69786089) Importer(815301076,1909f56bfc062723c751e8b465ee728b)
Start importing Assets/Textures/UranusTexture.jpg using Guid(69dd77cb73e90314bbbb981f69786089) Importer(815301076,1909f56bfc062723c751e8b465ee728b)  -> (artifact id: '07ca8bb5a7b2e65a25f4a5339a522762') in 0.034498 seconds
  Import took 0.037067 seconds .

========================================================================
Received Import Request.
  Time since last request: 0.000467 seconds.
  path: Assets/Textures/NeptuneTexture.jpg
  artifactKey: Guid(e1b4a9ea57cb4b449af4f0272ebcf0d4) Importer(815301076,1909f56bfc062723c751e8b465ee728b)
Start importing Assets/Textures/NeptuneTexture.jpg using Guid(e1b4a9ea57cb4b449af4f0272ebcf0d4) Importer(815301076,1909f56bfc062723c751e8b465ee728b)  -> (artifact id: 'c9a643fa435a2e17573867a1c5953f6a') in 0.028282 seconds
  Import took 0.032773 seconds .

========================================================================
Received Import Request.
  Time since last request: 0.000353 seconds.
  path: Assets/Textures/SunTexture.jpg
  artifactKey: Guid(1b291eeef5e3f6c4fa171b1dfa9e5c43) Importer(815301076,1909f56bfc062723c751e8b465ee728b)
Start importing Assets/Textures/SunTexture.jpg using Guid(1b291eeef5e3f6c4fa171b1dfa9e5c43) Importer(815301076,1909f56bfc062723c751e8b465ee728b)  -> (artifact id: '03c079f3112a6f11669ab210ab5c606c') in 0.027352 seconds
  Import took 0.031594 seconds .

========================================================================
Received Import Request.
  Time since last request: 0.000361 seconds.
  path: Assets/Icons/SunIcon.png
  artifactKey: Guid(f1c2460b307ecee4190a5126a1e8c51f) Importer(815301076,1909f56bfc062723c751e8b465ee728b)
Start importing Assets/Icons/SunIcon.png using Guid(f1c2460b307ecee4190a5126a1e8c51f) Importer(815301076,1909f56bfc062723c751e8b465ee728b)  -> (artifact id: 'b25cb31f0b1d7b7b89d9837f7f799169') in 0.032106 seconds
  Import took 0.036631 seconds .

========================================================================
Received Import Request.
  Time since last request: 0.000357 seconds.
  path: Assets/Textures/MoonTexture.jpg
  artifactKey: Guid(7318bb05ed2b7274b933572670094529) Importer(815301076,1909f56bfc062723c751e8b465ee728b)
Start importing Assets/Textures/MoonTexture.jpg using Guid(7318bb05ed2b7274b933572670094529) Importer(815301076,1909f56bfc062723c751e8b465ee728b)  -> (artifact id: '8934c92f8629bf1de80fa8cf6fcee59e') in 0.029914 seconds
  Import took 0.034682 seconds .

========================================================================
Received Import Request.
  Time since last request: 0.000347 seconds.
  path: Assets/Textures/SaturnTexture.jpg
  artifactKey: Guid(1d5ec6b66be0f9945837fd8b24e8caf3) Importer(815301076,1909f56bfc062723c751e8b465ee728b)
Start importing Assets/Textures/SaturnTexture.jpg using Guid(1d5ec6b66be0f9945837fd8b24e8caf3) Importer(815301076,1909f56bfc062723c751e8b465ee728b)  -> (artifact id: 'fb191ad5db3dc21f869a6437f45e37e2') in 0.024264 seconds
  Import took 0.026777 seconds .

========================================================================
Received Import Request.
  Time since last request: 0.000332 seconds.
  path: Assets/Textures/PlutoTexture.jpg
  artifactKey: Guid(70ee07f2866767d4ea5bd4bf36d4f91e) Importer(815301076,1909f56bfc062723c751e8b465ee728b)
Start importing Assets/Textures/PlutoTexture.jpg using Guid(70ee07f2866767d4ea5bd4bf36d4f91e) Importer(815301076,1909f56bfc062723c751e8b465ee728b)  -> (artifact id: '2f7666ece3ea09d5bbdf0e53005fb89e') in 0.029533 seconds
  Import took 0.032314 seconds .

========================================================================
Received Import Request.
  Time since last request: 29.388594 seconds.
  path: Assets/Materials/Comet Material.mat
  artifactKey: Guid(54b352b1e8fd3b7488cc9417a26b60ee) Importer(815301076,1909f56bfc062723c751e8b465ee728b)
Start importing Assets/Materials/Comet Material.mat using Guid(54b352b1e8fd3b7488cc9417a26b60ee) Importer(815301076,1909f56bfc062723c751e8b465ee728b)  -> (artifact id: '88430628f132dd1918512028577b47ab') in 0.123276 seconds
  Import took 0.126029 seconds .

========================================================================
Received Import Request.
  Time since last request: 0.000708 seconds.
  path: Assets/Materials/Sun Material.mat
  artifactKey: Guid(171a6fdfde450704e8942c8ee3598cf2) Importer(815301076,1909f56bfc062723c751e8b465ee728b)
Start importing Assets/Materials/Sun Material.mat using Guid(171a6fdfde450704e8942c8ee3598cf2) Importer(815301076,1909f56bfc062723c751e8b465ee728b)  -> (artifact id: '2db0a3e2efa6879ccc0a8a71846c6801') in 0.049513 seconds
  Import took 0.052632 seconds .

========================================================================
Received Import Request.
  Time since last request: 0.000468 seconds.
  path: Assets/Materials/Moon Material.mat
  artifactKey: Guid(10f263ac60d2bfa43b147b7a5a12d1cf) Importer(815301076,1909f56bfc062723c751e8b465ee728b)
Start importing Assets/Materials/Moon Material.mat using Guid(10f263ac60d2bfa43b147b7a5a12d1cf) Importer(815301076,1909f56bfc062723c751e8b465ee728b)  -> (artifact id: 'a31bd0ae36a09b1c6e0bb8adf116c762') in 0.035921 seconds
  Import took 0.040366 seconds .

========================================================================
Received Import Request.
  Time since last request: 0.000379 seconds.
  path: Assets/Materials/Outher Space Skybox Material.mat
  artifactKey: Guid(dbcb92e9acfe5e94fa4b4b1ca31caf88) Importer(815301076,1909f56bfc062723c751e8b465ee728b)
Start importing Assets/Materials/Outher Space Skybox Material.mat using Guid(dbcb92e9acfe5e94fa4b4b1ca31caf88) Importer(815301076,1909f56bfc062723c751e8b465ee728b)  -> (artifact id: '3ae53499d70e648683f804a7b98d57f4') in 0.036054 seconds
  Import took 0.039172 seconds .

========================================================================
Received Prepare
Registering precompiled user dll's ...
Registered in 0.001017 seconds.
Begin MonoManager ReloadAssembly
Native extension for WindowsStandalone target not found
Native extension for WebGL target not found
Refreshing native plugins compatible for Editor in 0.34 ms, found 0 plugins.
Preloading 0 native plugins for Editor in 0.00 ms.
Invoked RoslynAnalysisRunner static constructor.
RoslynAnalysisRunner will not be running.
RoslynAnalysisRunner has terminated.
Mono: successfully reloaded assembly
- Completed reload, in  0.857 seconds
Platform modules already initialized, skipping
Refreshing native plugins compatible for Editor in 0.23 ms, found 0 plugins.
Preloading 0 native plugins for Editor in 0.00 ms.
Unloading 1112 Unused Serialized files (Serialized files now loaded: 0)
System memory in use before: 60.6 MB.
System memory in use after: 60.7 MB.

Unloading 4 unused Assets to reduce memory usage. Loaded Objects now: 1607.
Total: 2.323200 ms (FindLiveObjects: 0.230700 ms CreateObjectMapping: 0.055400 ms MarkObjects: 2.022000 ms  DeleteObjects: 0.014200 ms)

========================================================================
Received Prepare
Registering precompiled user dll's ...
Registered in 0.000796 seconds.
Begin MonoManager ReloadAssembly
Native extension for WindowsStandalone target not found
Native extension for WebGL target not found
Refreshing native plugins compatible for Editor in 0.40 ms, found 0 plugins.
Preloading 0 native plugins for Editor in 0.00 ms.
Invoked RoslynAnalysisRunner static constructor.
RoslynAnalysisRunner will not be running.
RoslynAnalysisRunner has terminated.
Mono: successfully reloaded assembly
- Completed reload, in  0.851 seconds
Platform modules already initialized, skipping
Refreshing native plugins compatible for Editor in 0.22 ms, found 0 plugins.
Preloading 0 native plugins for Editor in 0.00 ms.
Unloading 1112 Unused Serialized files (Serialized files now loaded: 0)
System memory in use before: 60.7 MB.
System memory in use after: 60.8 MB.

Unloading 4 unused Assets to reduce memory usage. Loaded Objects now: 1610.
Total: 2.460300 ms (FindLiveObjects: 0.169600 ms CreateObjectMapping: 0.081500 ms MarkObjects: 2.195100 ms  DeleteObjects: 0.012500 ms)

========================================================================
Received Prepare
Registering precompiled user dll's ...
Registered in 0.000722 seconds.
Begin MonoManager ReloadAssembly
Native extension for WindowsStandalone target not found
Native extension for WebGL target not found
Refreshing native plugins compatible for Editor in 0.31 ms, found 0 plugins.
Preloading 0 native plugins for Editor in 0.00 ms.
Invoked RoslynAnalysisRunner static constructor.
RoslynAnalysisRunner will not be running.
RoslynAnalysisRunner has terminated.
Mono: successfully reloaded assembly
- Completed reload, in  0.902 seconds
Platform modules already initialized, skipping
Refreshing native plugins compatible for Editor in 0.26 ms, found 0 plugins.
Preloading 0 native plugins for Editor in 0.00 ms.
Unloading 1112 Unused Serialized files (Serialized files now loaded: 0)
System memory in use before: 60.7 MB.
System memory in use after: 60.8 MB.

Unloading 4 unused Assets to reduce memory usage. Loaded Objects now: 1613.
Total: 2.208400 ms (FindLiveObjects: 0.188500 ms CreateObjectMapping: 0.041700 ms MarkObjects: 1.942500 ms  DeleteObjects: 0.034500 ms)

========================================================================
Received Prepare
Registering precompiled user dll's ...
Registered in 0.000805 seconds.
Begin MonoManager ReloadAssembly
Native extension for WindowsStandalone target not found
Native extension for WebGL target not found
Refreshing native plugins compatible for Editor in 0.29 ms, found 0 plugins.
Preloading 0 native plugins for Editor in 0.00 ms.
Invoked RoslynAnalysisRunner static constructor.
RoslynAnalysisRunner will not be running.
RoslynAnalysisRunner has terminated.
Mono: successfully reloaded assembly
- Completed reload, in  0.903 seconds
Platform modules already initialized, skipping
Refreshing native plugins compatible for Editor in 0.46 ms, found 0 plugins.
Preloading 0 native plugins for Editor in 0.00 ms.
Unloading 1112 Unused Serialized files (Serialized files now loaded: 0)
System memory in use before: 60.7 MB.
System memory in use after: 60.8 MB.

Unloading 4 unused Assets to reduce memory usage. Loaded Objects now: 1616.
Total: 2.143400 ms (FindLiveObjects: 0.274400 ms CreateObjectMapping: 0.044500 ms MarkObjects: 1.789000 ms  DeleteObjects: 0.033800 ms)

========================================================================
Received Prepare
Refreshing native plugins compatible for Editor in 0.78 ms, found 0 plugins.
Preloading 0 native plugins for Editor in 0.00 ms.
Unloading 3 Unused Serialized files (Serialized files now loaded: 0)
System memory in use before: 38.7 MB.
System memory in use after: 38.8 MB.

Unloading 2 unused Assets to reduce memory usage. Loaded Objects now: 1616.
Total: 3.376500 ms (FindLiveObjects: 0.198900 ms CreateObjectMapping: 0.051300 ms MarkObjects: 3.111000 ms  DeleteObjects: 0.013900 ms)

========================================================================
Received Prepare
Registering precompiled user dll's ...
Registered in 0.000728 seconds.
Begin MonoManager ReloadAssembly
Native extension for WindowsStandalone target not found
Native extension for WebGL target not found
Refreshing native plugins compatible for Editor in 0.52 ms, found 0 plugins.
Preloading 0 native plugins for Editor in 0.00 ms.
Invoked RoslynAnalysisRunner static constructor.
RoslynAnalysisRunner will not be running.
RoslynAnalysisRunner has terminated.
Mono: successfully reloaded assembly
- Completed reload, in  1.147 seconds
Platform modules already initialized, skipping
Refreshing native plugins compatible for Editor in 0.23 ms, found 0 plugins.
Preloading 0 native plugins for Editor in 0.00 ms.
Unloading 1112 Unused Serialized files (Serialized files now loaded: 0)
System memory in use before: 60.7 MB.
System memory in use after: 60.8 MB.

Unloading 4 unused Assets to reduce memory usage. Loaded Objects now: 1619.
Total: 18.592100 ms (FindLiveObjects: 0.235500 ms CreateObjectMapping: 0.040700 ms MarkObjects: 18.282200 ms  DeleteObjects: 0.031600 ms)

========================================================================
Received Prepare
Refreshing native plugins compatible for Editor in 1.46 ms, found 0 plugins.
Preloading 0 native plugins for Editor in 0.00 ms.
Unloading 3 Unused Serialized files (Serialized files now loaded: 0)
System memory in use before: 38.7 MB.
System memory in use after: 38.8 MB.

Unloading 2 unused Assets to reduce memory usage. Loaded Objects now: 1619.
Total: 1.968200 ms (FindLiveObjects: 0.301000 ms CreateObjectMapping: 0.056400 ms MarkObjects: 1.596500 ms  DeleteObjects: 0.013200 ms)

========================================================================
Received Prepare
Refreshing native plugins compatible for Editor in 0.87 ms, found 0 plugins.
Preloading 0 native plugins for Editor in 0.00 ms.
Unloading 3 Unused Serialized files (Serialized files now loaded: 0)
System memory in use before: 38.7 MB.
System memory in use after: 38.8 MB.

Unloading 2 unused Assets to reduce memory usage. Loaded Objects now: 1619.
Total: 5.528600 ms (FindLiveObjects: 0.482200 ms CreateObjectMapping: 0.195900 ms MarkObjects: 4.797700 ms  DeleteObjects: 0.050700 ms)

========================================================================
Received Prepare
Registering precompiled user dll's ...
Registered in 0.002330 seconds.
Begin MonoManager ReloadAssembly
Native extension for WindowsStandalone target not found
Native extension for WebGL target not found
Refreshing native plugins compatible for Editor in 0.61 ms, found 0 plugins.
Preloading 0 native plugins for Editor in 0.00 ms.
Invoked RoslynAnalysisRunner static constructor.
RoslynAnalysisRunner will not be running.
RoslynAnalysisRunner has terminated.
Mono: successfully reloaded assembly
- Completed reload, in  0.929 seconds
Platform modules already initialized, skipping
Refreshing native plugins compatible for Editor in 0.25 ms, found 0 plugins.
Preloading 0 native plugins for Editor in 0.00 ms.
Unloading 1112 Unused Serialized files (Serialized files now loaded: 0)
System memory in use before: 60.7 MB.
System memory in use after: 60.8 MB.

Unloading 4 unused Assets to reduce memory usage. Loaded Objects now: 1622.
Total: 2.791300 ms (FindLiveObjects: 0.233800 ms CreateObjectMapping: 0.134400 ms MarkObjects: 2.384900 ms  DeleteObjects: 0.036700 ms)

========================================================================
Received Prepare
Refreshing native plugins compatible for Editor in 1.05 ms, found 0 plugins.
Preloading 0 native plugins for Editor in 0.00 ms.
Unloading 3 Unused Serialized files (Serialized files now loaded: 0)
System memory in use before: 38.7 MB.
System memory in use after: 38.8 MB.

Unloading 2 unused Assets to reduce memory usage. Loaded Objects now: 1622.
Total: 3.554700 ms (FindLiveObjects: 0.312200 ms CreateObjectMapping: 0.077300 ms MarkObjects: 3.131100 ms  DeleteObjects: 0.030800 ms)

AssetImportWorkerClient::OnTransportError - code=2 error=End of file
